0 verbose cli C:\nvm4w\nodejs\node.exe C:\Users\jose_\AppData\Local\nvm\v20.20.0\node_modules\npm\bin\npm-cli.js
1 info using npm@10.8.2
2 info using node@v20.20.0
3 silly config load:file:C:\Users\jose_\AppData\Local\nvm\v20.20.0\node_modules\npm\npmrc
4 silly config load:file:C:\personal\react\magobejm.github.io\.npm-cache\_cacache\tmp\git-clone2FpbFr\.npmrc
5 silly config load:file:C:\Users\jose_\.npmrc
6 silly config load:file:C:\nvm4w\nodejs\etc\npmrc
7 verbose title npm install
8 verbose argv "install" "--force" "--cache" "C:\\personal\\react\\magobejm.github.io\\.npm-cache" "--prefer-offline" "false" "--prefer-online" "false" "--offline" "false" "--no-progress" "--no-save" "--no-audit" "--include" "dev" "--include" "peer" "--include" "optional" "--no-package-lock-only" "--no-dry-run"
9 verbose logfile logs-max:10 dir:C:\personal\react\magobejm.github.io\.npm-cache\_logs\2026-02-10T01_03_48_091Z-
10 verbose logfile C:\personal\react\magobejm.github.io\.npm-cache\_logs\2026-02-10T01_03_48_091Z-debug-0.log
11 warn using --force Recommended protections disabled.
12 silly packumentCache heap:4345298944 maxSize:1086324736 maxEntrySize:543162368
13 silly logfile done cleaning log files
14 silly idealTree buildDeps
15 silly fetch manifest @emmetio/stream-reader@^2.2.0
16 silly packumentCache full:https://registry.npmjs.org/@emmetio%2fstream-reader cache-miss
17 http fetch GET 200 https://registry.npmjs.org/@emmetio%2fstream-reader 706ms (cache miss)
18 silly packumentCache full:https://registry.npmjs.org/@emmetio%2fstream-reader set size:undefined disposed:false
19 silly fetch manifest @emmetio/stream-reader-utils@^0.1.0
20 silly packumentCache full:https://registry.npmjs.org/@emmetio%2fstream-reader-utils cache-miss
21 http fetch GET 200 https://registry.npmjs.org/@emmetio%2fstream-reader-utils 753ms (cache miss)
22 silly packumentCache full:https://registry.npmjs.org/@emmetio%2fstream-reader-utils set size:undefined disposed:false
23 silly fetch manifest babel-plugin-transform-es2015-modules-commonjs@^6.24.1
24 silly packumentCache full:https://registry.npmjs.org/babel-plugin-transform-es2015-modules-commonjs cache-miss
25 http fetch GET 200 https://registry.npmjs.org/babel-plugin-transform-es2015-modules-commonjs 509ms (cache miss)
26 silly packumentCache full:https://registry.npmjs.org/babel-plugin-transform-es2015-modules-commonjs set size:undefined disposed:false
27 silly fetch manifest babel-register@^6.24.1
28 silly packumentCache full:https://registry.npmjs.org/babel-register cache-miss
29 http fetch GET 200 https://registry.npmjs.org/babel-register 493ms (cache miss)
30 silly packumentCache full:https://registry.npmjs.org/babel-register set size:undefined disposed:false
31 silly fetch manifest mocha@^3.2.0
32 silly packumentCache full:https://registry.npmjs.org/mocha cache-miss
33 http fetch GET 200 https://registry.npmjs.org/mocha 352ms (cache miss)
34 silly packumentCache full:https://registry.npmjs.org/mocha set size:undefined disposed:false
35 silly fetch manifest rollup@^0.41.6
36 silly packumentCache full:https://registry.npmjs.org/rollup cache-miss
37 http fetch GET 200 https://registry.npmjs.org/rollup 127ms (cache miss)
38 silly packumentCache full:https://registry.npmjs.org/rollup set size:undefined disposed:false
39 silly fetch manifest rollup-plugin-node-resolve@^3.0.0
40 silly packumentCache full:https://registry.npmjs.org/rollup-plugin-node-resolve cache-miss
41 http fetch GET 200 https://registry.npmjs.org/rollup-plugin-node-resolve 222ms (cache miss)
42 silly packumentCache full:https://registry.npmjs.org/rollup-plugin-node-resolve set size:undefined disposed:false
43 silly fetch manifest rollup-watch@^3.2.2
44 silly packumentCache full:https://registry.npmjs.org/rollup-watch cache-miss
45 http fetch GET 200 https://registry.npmjs.org/rollup-watch 519ms (cache miss)
46 silly packumentCache full:https://registry.npmjs.org/rollup-watch set size:undefined disposed:false
47 silly placeDep ROOT @emmetio/stream-reader@2.2.0 OK for: @emmetio/css-parser@0.4.0 want: ^2.2.0
48 silly placeDep ROOT @emmetio/stream-reader-utils@0.1.0 OK for: @emmetio/css-parser@0.4.0 want: ^0.1.0
49 silly placeDep ROOT babel-plugin-transform-es2015-modules-commonjs@6.26.2 OK for: @emmetio/css-parser@0.4.0 want: ^6.24.1
50 silly placeDep ROOT babel-register@6.26.0 OK for: @emmetio/css-parser@0.4.0 want: ^6.24.1
51 silly placeDep ROOT mocha@3.5.3 OK for: @emmetio/css-parser@0.4.0 want: ^3.2.0
52 silly placeDep ROOT rollup@0.41.6 OK for: @emmetio/css-parser@0.4.0 want: ^0.41.6
53 silly placeDep ROOT rollup-plugin-node-resolve@3.4.0 OK for: @emmetio/css-parser@0.4.0 want: ^3.0.0
54 silly placeDep ROOT rollup-watch@3.2.2 OK for: @emmetio/css-parser@0.4.0 want: ^3.2.2
55 silly fetch manifest babel-plugin-transform-strict-mode@^6.24.1
56 silly packumentCache full:https://registry.npmjs.org/babel-plugin-transform-strict-mode cache-miss
57 silly fetch manifest babel-runtime@^6.26.0
58 silly packumentCache full:https://registry.npmjs.org/babel-runtime cache-miss
59 silly fetch manifest babel-template@^6.26.0
60 silly packumentCache full:https://registry.npmjs.org/babel-template cache-miss
61 silly fetch manifest babel-types@^6.26.0
62 silly packumentCache full:https://registry.npmjs.org/babel-types cache-miss
63 silly fetch manifest babel-core@^6.26.0
64 silly packumentCache full:https://registry.npmjs.org/babel-core cache-miss
65 silly fetch manifest babel-runtime@^6.26.0
66 silly packumentCache full:https://registry.npmjs.org/babel-runtime cache-miss
67 silly fetch manifest core-js@^2.5.0
68 silly packumentCache full:https://registry.npmjs.org/core-js cache-miss
69 silly fetch manifest home-or-tmp@^2.0.0
70 silly packumentCache full:https://registry.npmjs.org/home-or-tmp cache-miss
71 silly fetch manifest lodash@^4.17.4
72 silly packumentCache full:https://registry.npmjs.org/lodash cache-miss
73 silly fetch manifest mkdirp@^0.5.1
74 silly packumentCache full:https://registry.npmjs.org/mkdirp cache-miss
75 silly fetch manifest source-map-support@^0.4.15
76 silly packumentCache full:https://registry.npmjs.org/source-map-support cache-miss
77 http fetch GET 200 https://registry.npmjs.org/babel-plugin-transform-strict-mode 257ms (cache miss)
78 silly packumentCache full:https://registry.npmjs.org/babel-plugin-transform-strict-mode set size:undefined disposed:false
79 silly fetch manifest he@1.1.1
80 silly packumentCache full:https://registry.npmjs.org/he cache-miss
81 http fetch GET 200 https://registry.npmjs.org/source-map-support 261ms (cache miss)
82 silly packumentCache full:https://registry.npmjs.org/source-map-support set size:undefined disposed:false
83 silly fetch manifest diff@3.2.0
84 silly packumentCache full:https://registry.npmjs.org/diff cache-miss
85 http fetch GET 200 https://registry.npmjs.org/mkdirp 279ms (cache miss)
86 silly packumentCache full:https://registry.npmjs.org/mkdirp set size:undefined disposed:false
87 silly fetch manifest glob@7.1.1
88 silly packumentCache full:https://registry.npmjs.org/glob cache-miss
89 http fetch GET 200 https://registry.npmjs.org/lodash 305ms (cache miss)
90 silly packumentCache full:https://registry.npmjs.org/lodash set size:undefined disposed:false
91 silly fetch manifest debug@2.6.8
92 silly packumentCache full:https://registry.npmjs.org/debug cache-miss
93 http fetch GET 200 https://registry.npmjs.org/he 125ms (cache miss)
94 silly packumentCache full:https://registry.npmjs.org/he set size:undefined disposed:false
95 silly fetch manifest growl@1.9.2
96 silly packumentCache full:https://registry.npmjs.org/growl cache-miss
97 http fetch GET 200 https://registry.npmjs.org/babel-template 430ms (cache miss)
98 silly packumentCache full:https://registry.npmjs.org/babel-template set size:undefined disposed:false
99 silly fetch manifest json3@3.3.2
100 silly packumentCache full:https://registry.npmjs.org/json3 cache-miss
101 http fetch GET 200 https://registry.npmjs.org/diff 168ms (cache miss)
102 silly packumentCache full:https://registry.npmjs.org/diff set size:undefined disposed:false
103 silly fetch manifest mkdirp@0.5.1
104 silly packumentCache full:https://registry.npmjs.org/mkdirp cache-miss
105 http fetch GET 200 https://registry.npmjs.org/core-js 460ms (cache miss)
106 silly packumentCache full:https://registry.npmjs.org/core-js set size:undefined disposed:false
107 silly fetch manifest commander@2.9.0
108 silly packumentCache full:https://registry.npmjs.org/commander cache-miss
109 http fetch GET 200 https://registry.npmjs.org/babel-types 496ms (cache miss)
110 silly packumentCache full:https://registry.npmjs.org/babel-types set size:undefined disposed:false
111 silly fetch manifest lodash.create@3.1.1
112 silly packumentCache full:https://registry.npmjs.org/lodash.create cache-miss
113 http fetch GET 200 https://registry.npmjs.org/debug 196ms (cache miss)
114 silly packumentCache full:https://registry.npmjs.org/debug set size:undefined disposed:false
115 silly fetch manifest browser-stdout@1.3.0
116 silly packumentCache full:https://registry.npmjs.org/browser-stdout cache-miss
117 http fetch GET 200 https://registry.npmjs.org/glob 248ms (cache miss)
118 silly packumentCache full:https://registry.npmjs.org/glob set size:undefined disposed:false
119 silly fetch manifest supports-color@3.1.2
120 silly packumentCache full:https://registry.npmjs.org/supports-color cache-miss
121 http fetch GET 200 https://registry.npmjs.org/mkdirp 106ms (cache hit)
122 silly packumentCache full:https://registry.npmjs.org/mkdirp set size:116455 disposed:false
123 silly fetch manifest escape-string-regexp@1.0.5
124 silly packumentCache full:https://registry.npmjs.org/escape-string-regexp cache-miss
125 http fetch GET 200 https://registry.npmjs.org/babel-core 616ms (cache miss)
126 silly packumentCache full:https://registry.npmjs.org/babel-core set size:undefined disposed:false
127 silly fetch manifest source-map-support@^0.4.0
128 silly packumentCache full:https://registry.npmjs.org/source-map-support cache-miss
129 http fetch GET 200 https://registry.npmjs.org/growl 269ms (cache miss)
130 silly packumentCache full:https://registry.npmjs.org/growl set size:undefined disposed:false
131 silly fetch manifest builtin-modules@^2.0.0
132 silly packumentCache full:https://registry.npmjs.org/builtin-modules cache-miss
133 http fetch GET 200 https://registry.npmjs.org/commander 199ms (cache miss)
134 silly packumentCache full:https://registry.npmjs.org/commander set size:undefined disposed:false
135 silly fetch manifest is-module@^1.0.0
136 silly packumentCache full:https://registry.npmjs.org/is-module cache-miss
137 http fetch GET 200 https://registry.npmjs.org/escape-string-regexp 161ms (cache miss)
138 silly packumentCache full:https://registry.npmjs.org/escape-string-regexp set size:undefined disposed:false
139 silly fetch manifest resolve@^1.1.6
140 silly packumentCache full:https://registry.npmjs.org/resolve cache-miss
141 http fetch GET 200 https://registry.npmjs.org/source-map-support 109ms (cache hit)
142 silly packumentCache full:https://registry.npmjs.org/source-map-support set size:125488 disposed:false
143 silly fetch manifest require-relative@0.8.7
144 silly packumentCache full:https://registry.npmjs.org/require-relative cache-miss
145 http fetch GET 200 https://registry.npmjs.org/json3 322ms (cache miss)
146 silly packumentCache full:https://registry.npmjs.org/json3 set size:undefined disposed:false
147 http fetch GET 200 https://registry.npmjs.org/supports-color 221ms (cache miss)
148 silly packumentCache full:https://registry.npmjs.org/supports-color set size:undefined disposed:false
149 http fetch GET 200 https://registry.npmjs.org/lodash.create 300ms (cache miss)
150 silly packumentCache full:https://registry.npmjs.org/lodash.create set size:undefined disposed:false
151 http fetch GET 200 https://registry.npmjs.org/home-or-tmp 799ms (cache miss)
152 silly packumentCache full:https://registry.npmjs.org/home-or-tmp set size:undefined disposed:false
153 http fetch GET 200 https://registry.npmjs.org/babel-runtime 835ms (cache miss)
154 silly packumentCache full:https://registry.npmjs.org/babel-runtime set size:undefined disposed:false
155 http fetch GET 200 https://registry.npmjs.org/resolve 107ms (cache miss)
156 silly packumentCache full:https://registry.npmjs.org/resolve set size:undefined disposed:false
157 http fetch GET 200 https://registry.npmjs.org/babel-runtime 865ms (cache miss)
158 silly packumentCache full:https://registry.npmjs.org/babel-runtime set size:undefined disposed:false
159 http fetch GET 200 https://registry.npmjs.org/builtin-modules 226ms (cache miss)
160 silly packumentCache full:https://registry.npmjs.org/builtin-modules set size:undefined disposed:false
161 http fetch GET 200 https://registry.npmjs.org/is-module 259ms (cache miss)
162 silly packumentCache full:https://registry.npmjs.org/is-module set size:undefined disposed:false
163 http fetch GET 200 https://registry.npmjs.org/require-relative 215ms (cache miss)
164 silly packumentCache full:https://registry.npmjs.org/require-relative set size:undefined disposed:false
165 http fetch GET 200 https://registry.npmjs.org/browser-stdout 621ms (cache miss)
166 silly packumentCache full:https://registry.npmjs.org/browser-stdout set size:undefined disposed:false
167 silly placeDep ROOT babel-plugin-transform-strict-mode@6.24.1 OK for: babel-plugin-transform-es2015-modules-commonjs@6.26.2 want: ^6.24.1
168 silly placeDep ROOT babel-runtime@6.26.0 OK for: babel-plugin-transform-es2015-modules-commonjs@6.26.2 want: ^6.26.0
169 silly placeDep ROOT babel-template@6.26.0 OK for: babel-plugin-transform-es2015-modules-commonjs@6.26.2 want: ^6.26.0
170 silly placeDep ROOT babel-types@6.26.0 OK for: babel-plugin-transform-es2015-modules-commonjs@6.26.2 want: ^6.26.0
171 silly fetch manifest babel-runtime@^6.22.0
172 silly packumentCache full:https://registry.npmjs.org/babel-runtime cache-miss
173 silly fetch manifest babel-types@^6.24.1
174 silly packumentCache full:https://registry.npmjs.org/babel-types cache-miss
175 silly fetch manifest core-js@^2.4.0
176 silly packumentCache full:https://registry.npmjs.org/core-js cache-miss
177 silly fetch manifest regenerator-runtime@^0.11.0
178 silly packumentCache full:https://registry.npmjs.org/regenerator-runtime cache-miss
179 silly fetch manifest babel-traverse@^6.26.0
180 silly packumentCache full:https://registry.npmjs.org/babel-traverse cache-miss
181 silly fetch manifest babylon@^6.18.0
182 silly packumentCache full:https://registry.npmjs.org/babylon cache-miss
183 silly fetch manifest esutils@^2.0.2
184 silly packumentCache full:https://registry.npmjs.org/esutils cache-miss
185 silly fetch manifest to-fast-properties@^1.0.3
186 silly packumentCache full:https://registry.npmjs.org/to-fast-properties cache-miss
187 http fetch GET 200 https://registry.npmjs.org/babel-types 60ms (cache hit)
188 silly packumentCache full:https://registry.npmjs.org/babel-types set size:159943 disposed:false
189 http fetch GET 200 https://registry.npmjs.org/core-js 65ms (cache hit)
190 silly packumentCache full:https://registry.npmjs.org/core-js set size:776323 disposed:false
191 http fetch GET 200 https://registry.npmjs.org/babel-runtime 89ms (cache hit)
192 silly packumentCache full:https://registry.npmjs.org/babel-runtime set size:233288 disposed:false
193 http fetch GET 200 https://registry.npmjs.org/to-fast-properties 104ms (cache miss)
194 silly packumentCache full:https://registry.npmjs.org/to-fast-properties set size:undefined disposed:false
195 http fetch GET 200 https://registry.npmjs.org/regenerator-runtime 117ms (cache miss)
196 silly packumentCache full:https://registry.npmjs.org/regenerator-runtime set size:undefined disposed:false
197 http fetch GET 200 https://registry.npmjs.org/esutils 115ms (cache miss)
198 silly packumentCache full:https://registry.npmjs.org/esutils set size:undefined disposed:false
199 http fetch GET 200 https://registry.npmjs.org/babel-traverse 229ms (cache miss)
200 silly packumentCache full:https://registry.npmjs.org/babel-traverse set size:undefined disposed:false
201 http fetch GET 200 https://registry.npmjs.org/babylon 515ms (cache miss)
202 silly packumentCache full:https://registry.npmjs.org/babylon set size:undefined disposed:false
203 silly placeDep ROOT babel-core@6.26.3 OK for: babel-register@6.26.0 want: ^6.26.0
204 silly placeDep ROOT core-js@2.6.12 OK for: babel-register@6.26.0 want: ^2.5.0
205 silly placeDep ROOT home-or-tmp@2.0.0 OK for: babel-register@6.26.0 want: ^2.0.0
206 silly placeDep ROOT lodash@4.17.23 OK for: babel-register@6.26.0 want: ^4.17.4
207 silly placeDep ROOT mkdirp@0.5.6 OK for: babel-register@6.26.0 want: ^0.5.1
208 silly placeDep ROOT source-map-support@0.4.18 OK for: babel-register@6.26.0 want: ^0.4.15
209 silly fetch manifest babel-code-frame@^6.26.0
210 silly packumentCache full:https://registry.npmjs.org/babel-code-frame cache-miss
211 silly fetch manifest babel-generator@^6.26.0
212 silly packumentCache full:https://registry.npmjs.org/babel-generator cache-miss
213 silly fetch manifest babel-helpers@^6.24.1
214 silly packumentCache full:https://registry.npmjs.org/babel-helpers cache-miss
215 silly fetch manifest babel-messages@^6.23.0
216 silly packumentCache full:https://registry.npmjs.org/babel-messages cache-miss
217 silly fetch manifest convert-source-map@^1.5.1
218 silly packumentCache full:https://registry.npmjs.org/convert-source-map cache-miss
219 silly fetch manifest debug@^2.6.9
220 silly packumentCache full:https://registry.npmjs.org/debug cache-miss
221 silly fetch manifest json5@^0.5.1
222 silly packumentCache full:https://registry.npmjs.org/json5 cache-miss
223 silly fetch manifest minimatch@^3.0.4
224 silly packumentCache full:https://registry.npmjs.org/minimatch cache-miss
225 silly fetch manifest path-is-absolute@^1.0.1
226 silly packumentCache full:https://registry.npmjs.org/path-is-absolute cache-miss
227 silly fetch manifest private@^0.1.8
228 silly packumentCache full:https://registry.npmjs.org/private cache-miss
229 silly fetch manifest slash@^1.0.0
230 silly packumentCache full:https://registry.npmjs.org/slash cache-miss
231 http fetch GET 200 https://registry.npmjs.org/debug 56ms (cache hit)
232 silly packumentCache full:https://registry.npmjs.org/debug set size:195840 disposed:false
233 silly fetch manifest source-map@^0.5.7
234 silly packumentCache full:https://registry.npmjs.org/source-map cache-miss
235 http fetch GET 200 https://registry.npmjs.org/path-is-absolute 75ms (cache miss)
236 silly packumentCache full:https://registry.npmjs.org/path-is-absolute set size:undefined disposed:false
237 silly fetch manifest os-homedir@^1.0.0
238 silly packumentCache full:https://registry.npmjs.org/os-homedir cache-miss
239 http fetch GET 200 https://registry.npmjs.org/slash 87ms (cache miss)
240 silly packumentCache full:https://registry.npmjs.org/slash set size:undefined disposed:false
241 silly fetch manifest os-tmpdir@^1.0.1
242 silly packumentCache full:https://registry.npmjs.org/os-tmpdir cache-miss
243 http fetch GET 200 https://registry.npmjs.org/json5 103ms (cache miss)
244 silly packumentCache full:https://registry.npmjs.org/json5 set size:undefined disposed:false
245 silly fetch manifest minimist@^1.2.6
246 silly packumentCache full:https://registry.npmjs.org/minimist cache-miss
247 http fetch GET 200 https://registry.npmjs.org/convert-source-map 114ms (cache miss)
248 silly packumentCache full:https://registry.npmjs.org/convert-source-map set size:undefined disposed:false
249 silly fetch manifest source-map@^0.5.6
250 silly packumentCache full:https://registry.npmjs.org/source-map cache-miss
251 http fetch GET 200 https://registry.npmjs.org/minimatch 137ms (cache miss)
252 silly packumentCache full:https://registry.npmjs.org/minimatch set size:undefined disposed:false
253 http fetch GET 200 https://registry.npmjs.org/os-homedir 73ms (cache miss)
254 silly packumentCache full:https://registry.npmjs.org/os-homedir set size:undefined disposed:false
255 http fetch GET 200 https://registry.npmjs.org/source-map 103ms (cache miss)
256 silly packumentCache full:https://registry.npmjs.org/source-map set size:undefined disposed:false
257 http fetch GET 200 https://registry.npmjs.org/minimist 77ms (cache miss)
258 silly packumentCache full:https://registry.npmjs.org/minimist set size:undefined disposed:false
259 http fetch GET 200 https://registry.npmjs.org/source-map 171ms (cache miss)
260 silly packumentCache full:https://registry.npmjs.org/source-map set size:undefined disposed:false
261 http fetch GET 200 https://registry.npmjs.org/babel-helpers 303ms (cache miss)
262 silly packumentCache full:https://registry.npmjs.org/babel-helpers set size:undefined disposed:false
263 http fetch GET 200 https://registry.npmjs.org/babel-code-frame 317ms (cache miss)
264 silly packumentCache full:https://registry.npmjs.org/babel-code-frame set size:undefined disposed:false
265 http fetch GET 200 https://registry.npmjs.org/private 308ms (cache miss)
266 silly packumentCache full:https://registry.npmjs.org/private set size:undefined disposed:false
267 http fetch GET 200 https://registry.npmjs.org/babel-messages 325ms (cache miss)
268 silly packumentCache full:https://registry.npmjs.org/babel-messages set size:undefined disposed:false
269 http fetch GET 200 https://registry.npmjs.org/os-tmpdir 222ms (cache miss)
270 silly packumentCache full:https://registry.npmjs.org/os-tmpdir set size:undefined disposed:false
271 http fetch GET 200 https://registry.npmjs.org/babel-generator 539ms (cache miss)
272 silly packumentCache full:https://registry.npmjs.org/babel-generator set size:undefined disposed:false
273 silly placeDep ROOT babel-code-frame@6.26.0 OK for: babel-core@6.26.3 want: ^6.26.0
274 silly placeDep ROOT babel-generator@6.26.1 OK for: babel-core@6.26.3 want: ^6.26.0
275 silly placeDep ROOT babel-helpers@6.24.1 OK for: babel-core@6.26.3 want: ^6.24.1
276 silly placeDep ROOT babel-messages@6.23.0 OK for: babel-core@6.26.3 want: ^6.23.0
277 silly placeDep ROOT babel-traverse@6.26.0 OK for: babel-core@6.26.3 want: ^6.26.0
278 silly placeDep ROOT babylon@6.18.0 OK for: babel-core@6.26.3 want: ^6.18.0
279 silly placeDep ROOT convert-source-map@1.9.0 OK for: babel-core@6.26.3 want: ^1.5.1
280 silly placeDep ROOT debug@2.6.9 OK for: babel-core@6.26.3 want: ^2.6.9
281 silly placeDep ROOT json5@0.5.1 OK for: babel-core@6.26.3 want: ^0.5.1
282 silly placeDep ROOT minimatch@3.1.2 OK for: babel-core@6.26.3 want: ^3.0.4
283 silly placeDep ROOT path-is-absolute@1.0.1 OK for: babel-core@6.26.3 want: ^1.0.1
284 silly placeDep ROOT private@0.1.8 OK for: babel-core@6.26.3 want: ^0.1.8
285 silly placeDep ROOT slash@1.0.0 OK for: babel-core@6.26.3 want: ^1.0.0
286 silly placeDep ROOT source-map@0.5.7 OK for: babel-core@6.26.3 want: ^0.5.7
287 silly fetch manifest chalk@^1.1.3
288 silly packumentCache full:https://registry.npmjs.org/chalk cache-miss
289 silly fetch manifest js-tokens@^3.0.2
290 silly packumentCache full:https://registry.npmjs.org/js-tokens cache-miss
291 silly fetch manifest detect-indent@^4.0.0
292 silly packumentCache full:https://registry.npmjs.org/detect-indent cache-miss
293 silly fetch manifest jsesc@^1.3.0
294 silly packumentCache full:https://registry.npmjs.org/jsesc cache-miss
295 silly fetch manifest trim-right@^1.0.1
296 silly packumentCache full:https://registry.npmjs.org/trim-right cache-miss
297 silly fetch manifest debug@^2.6.8
298 silly packumentCache full:https://registry.npmjs.org/debug cache-hit
299 silly fetch manifest globals@^9.18.0
300 silly packumentCache full:https://registry.npmjs.org/globals cache-miss
301 silly fetch manifest invariant@^2.2.2
302 silly packumentCache full:https://registry.npmjs.org/invariant cache-miss
303 silly fetch manifest ms@2.0.0
304 silly packumentCache full:https://registry.npmjs.org/ms cache-miss
305 silly fetch manifest brace-expansion@^1.1.7
306 silly packumentCache full:https://registry.npmjs.org/brace-expansion cache-miss
307 http fetch GET 200 https://registry.npmjs.org/detect-indent 72ms (cache miss)
308 silly packumentCache full:https://registry.npmjs.org/detect-indent set size:undefined disposed:false
309 http fetch GET 200 https://registry.npmjs.org/js-tokens 79ms (cache miss)
310 silly packumentCache full:https://registry.npmjs.org/js-tokens set size:undefined disposed:false
311 http fetch GET 200 https://registry.npmjs.org/chalk 99ms (cache miss)
312 silly packumentCache full:https://registry.npmjs.org/chalk set size:undefined disposed:false
313 http fetch GET 200 https://registry.npmjs.org/brace-expansion 91ms (cache miss)
314 silly packumentCache full:https://registry.npmjs.org/brace-expansion set size:undefined disposed:false
315 http fetch GET 200 https://registry.npmjs.org/ms 96ms (cache miss)
316 silly packumentCache full:https://registry.npmjs.org/ms set size:undefined disposed:false
317 http fetch GET 200 https://registry.npmjs.org/jsesc 112ms (cache miss)
318 silly packumentCache full:https://registry.npmjs.org/jsesc set size:undefined disposed:false
319 http fetch GET 200 https://registry.npmjs.org/globals 120ms (cache miss)
320 silly packumentCache full:https://registry.npmjs.org/globals set size:undefined disposed:false
321 http fetch GET 200 https://registry.npmjs.org/trim-right 216ms (cache miss)
322 silly packumentCache full:https://registry.npmjs.org/trim-right set size:undefined disposed:false
323 http fetch GET 200 https://registry.npmjs.org/invariant 226ms (cache miss)
324 silly packumentCache full:https://registry.npmjs.org/invariant set size:undefined disposed:false
325 silly placeDep ROOT chalk@1.1.3 OK for: babel-code-frame@6.26.0 want: ^1.1.3
326 silly placeDep ROOT esutils@2.0.3 OK for: babel-code-frame@6.26.0 want: ^2.0.2
327 silly placeDep ROOT js-tokens@3.0.2 OK for: babel-code-frame@6.26.0 want: ^3.0.2
328 silly fetch manifest has-ansi@^2.0.0
329 silly packumentCache full:https://registry.npmjs.org/has-ansi cache-miss
330 silly fetch manifest strip-ansi@^3.0.0
331 silly packumentCache full:https://registry.npmjs.org/strip-ansi cache-miss
332 silly fetch manifest ansi-styles@^2.2.1
333 silly packumentCache full:https://registry.npmjs.org/ansi-styles cache-miss
334 silly fetch manifest supports-color@^2.0.0
335 silly packumentCache full:https://registry.npmjs.org/supports-color cache-miss
336 silly fetch manifest escape-string-regexp@^1.0.2
337 silly packumentCache full:https://registry.npmjs.org/escape-string-regexp cache-miss
338 http fetch GET 200 https://registry.npmjs.org/supports-color 25ms (cache hit)
339 silly packumentCache full:https://registry.npmjs.org/supports-color set size:118680 disposed:false
340 http fetch GET 200 https://registry.npmjs.org/escape-string-regexp 27ms (cache hit)
341 silly packumentCache full:https://registry.npmjs.org/escape-string-regexp set size:22244 disposed:false
342 http fetch GET 200 https://registry.npmjs.org/strip-ansi 48ms (cache miss)
343 silly packumentCache full:https://registry.npmjs.org/strip-ansi set size:undefined disposed:false
344 http fetch GET 200 https://registry.npmjs.org/ansi-styles 50ms (cache miss)
345 silly packumentCache full:https://registry.npmjs.org/ansi-styles set size:undefined disposed:false
346 http fetch GET 200 https://registry.npmjs.org/has-ansi 200ms (cache miss)
347 silly packumentCache full:https://registry.npmjs.org/has-ansi set size:undefined disposed:false
348 silly placeDep ROOT detect-indent@4.0.0 OK for: babel-generator@6.26.1 want: ^4.0.0
349 silly placeDep ROOT jsesc@1.3.0 OK for: babel-generator@6.26.1 want: ^1.3.0
350 silly placeDep ROOT trim-right@1.0.1 OK for: babel-generator@6.26.1 want: ^1.0.1
351 silly fetch manifest repeating@^2.0.0
352 silly packumentCache full:https://registry.npmjs.org/repeating cache-miss
353 http fetch GET 200 https://registry.npmjs.org/repeating 209ms (cache miss)
354 silly packumentCache full:https://registry.npmjs.org/repeating set size:undefined disposed:false
355 silly placeDep ROOT regenerator-runtime@0.11.1 OK for: babel-runtime@6.26.0 want: ^0.11.0
356 silly placeDep ROOT globals@9.18.0 OK for: babel-traverse@6.26.0 want: ^9.18.0
357 silly placeDep ROOT invariant@2.2.4 OK for: babel-traverse@6.26.0 want: ^2.2.2
358 silly fetch manifest loose-envify@^1.0.0
359 silly packumentCache full:https://registry.npmjs.org/loose-envify cache-miss
360 http fetch GET 200 https://registry.npmjs.org/loose-envify 31ms (cache miss)
361 silly packumentCache full:https://registry.npmjs.org/loose-envify set size:undefined disposed:false
362 silly placeDep ROOT to-fast-properties@1.0.3 OK for: babel-types@6.26.0 want: ^1.0.3
363 silly placeDep ROOT ansi-styles@2.2.1 OK for: chalk@1.1.3 want: ^2.2.1
364 silly placeDep ROOT escape-string-regexp@1.0.5 OK for: chalk@1.1.3 want: ^1.0.2
365 silly placeDep ROOT has-ansi@2.0.0 OK for: chalk@1.1.3 want: ^2.0.0
366 silly placeDep ROOT strip-ansi@3.0.1 OK for: chalk@1.1.3 want: ^3.0.0
367 silly placeDep ROOT supports-color@2.0.0 OK for: chalk@1.1.3 want: ^2.0.0
368 silly fetch manifest ansi-regex@^2.0.0
369 silly packumentCache full:https://registry.npmjs.org/ansi-regex cache-miss
370 silly fetch manifest ansi-regex@^2.0.0
371 silly packumentCache full:https://registry.npmjs.org/ansi-regex cache-miss
372 http fetch GET 200 https://registry.npmjs.org/ansi-regex 39ms (cache miss)
373 silly packumentCache full:https://registry.npmjs.org/ansi-regex set size:undefined disposed:false
374 http fetch GET 200 https://registry.npmjs.org/ansi-regex 57ms (cache miss)
375 silly packumentCache full:https://registry.npmjs.org/ansi-regex set size:undefined disposed:false
376 silly placeDep ROOT ms@2.0.0 OK for: debug@2.6.9 want: 2.0.0
377 silly placeDep ROOT repeating@2.0.1 OK for: detect-indent@4.0.0 want: ^2.0.0
378 silly fetch manifest is-finite@^1.0.0
379 silly packumentCache full:https://registry.npmjs.org/is-finite cache-miss
380 http fetch GET 200 https://registry.npmjs.org/is-finite 487ms (cache miss)
381 silly packumentCache full:https://registry.npmjs.org/is-finite set size:undefined disposed:false
382 silly placeDep ROOT ansi-regex@2.1.1 OK for: has-ansi@2.0.0 want: ^2.0.0
383 silly placeDep ROOT os-homedir@1.0.2 OK for: home-or-tmp@2.0.0 want: ^1.0.0
384 silly placeDep ROOT os-tmpdir@1.0.2 OK for: home-or-tmp@2.0.0 want: ^1.0.1
385 silly placeDep ROOT loose-envify@1.4.0 OK for: invariant@2.2.4 want: ^1.0.0
386 silly placeDep ROOT brace-expansion@1.1.12 OK for: minimatch@3.1.2 want: ^1.1.7
387 silly fetch manifest balanced-match@^1.0.0
388 silly packumentCache full:https://registry.npmjs.org/balanced-match cache-miss
389 silly fetch manifest concat-map@0.0.1
390 silly packumentCache full:https://registry.npmjs.org/concat-map cache-miss
391 http fetch GET 200 https://registry.npmjs.org/balanced-match 34ms (cache miss)
392 silly packumentCache full:https://registry.npmjs.org/balanced-match set size:undefined disposed:false
393 http fetch GET 200 https://registry.npmjs.org/concat-map 51ms (cache miss)
394 silly packumentCache full:https://registry.npmjs.org/concat-map set size:undefined disposed:false
395 silly placeDep ROOT balanced-match@1.0.2 OK for: brace-expansion@1.1.12 want: ^1.0.0
396 silly placeDep ROOT concat-map@0.0.1 OK for: brace-expansion@1.1.12 want: 0.0.1
397 silly placeDep ROOT minimist@1.2.8 OK for: mkdirp@0.5.6 want: ^1.2.6
398 silly placeDep ROOT browser-stdout@1.3.0 OK for: mocha@3.5.3 want: 1.3.0
399 silly placeDep ROOT commander@2.9.0 OK for: mocha@3.5.3 want: 2.9.0
400 silly placeDep node_modules/mocha debug@2.6.8 OK for: mocha@3.5.3 want: 2.6.8
401 silly placeDep ROOT diff@3.2.0 OK for: mocha@3.5.3 want: 3.2.0
402 silly placeDep ROOT glob@7.1.1 OK for: mocha@3.5.3 want: 7.1.1
403 silly placeDep ROOT growl@1.9.2 OK for: mocha@3.5.3 want: 1.9.2
404 silly placeDep ROOT he@1.1.1 OK for: mocha@3.5.3 want: 1.1.1
405 silly placeDep ROOT json3@3.3.2 OK for: mocha@3.5.3 want: 3.3.2
406 silly placeDep ROOT lodash.create@3.1.1 OK for: mocha@3.5.3 want: 3.1.1
407 silly placeDep node_modules/mocha mkdirp@0.5.1 OK for: mocha@3.5.3 want: 0.5.1
408 silly placeDep node_modules/mocha supports-color@3.1.2 OK for: mocha@3.5.3 want: 3.1.2
409 silly fetch manifest graceful-readlink@>= 1.0.0
410 silly packumentCache full:https://registry.npmjs.org/graceful-readlink cache-miss
411 silly fetch manifest once@^1.3.0
412 silly packumentCache full:https://registry.npmjs.org/once cache-miss
413 silly fetch manifest inflight@^1.0.4
414 silly packumentCache full:https://registry.npmjs.org/inflight cache-miss
415 silly fetch manifest inherits@2
416 silly packumentCache full:https://registry.npmjs.org/inherits cache-miss
417 silly fetch manifest fs.realpath@^1.0.0
418 silly packumentCache full:https://registry.npmjs.org/fs.realpath cache-miss
419 silly fetch manifest lodash._baseassign@^3.0.0
420 silly packumentCache full:https://registry.npmjs.org/lodash._baseassign cache-miss
421 silly fetch manifest lodash._basecreate@^3.0.0
422 silly packumentCache full:https://registry.npmjs.org/lodash._basecreate cache-miss
423 silly fetch manifest lodash._isiterateecall@^3.0.0
424 silly packumentCache full:https://registry.npmjs.org/lodash._isiterateecall cache-miss
425 silly fetch manifest minimist@0.0.8
426 silly packumentCache full:https://registry.npmjs.org/minimist cache-miss
427 silly fetch manifest has-flag@^1.0.0
428 silly packumentCache full:https://registry.npmjs.org/has-flag cache-miss
429 http fetch GET 200 https://registry.npmjs.org/minimist 78ms (cache hit)
430 silly packumentCache full:https://registry.npmjs.org/minimist set size:77082 disposed:false
431 http fetch GET 200 https://registry.npmjs.org/inflight 111ms (cache miss)
432 silly packumentCache full:https://registry.npmjs.org/inflight set size:undefined disposed:false
433 http fetch GET 200 https://registry.npmjs.org/once 120ms (cache miss)
434 silly packumentCache full:https://registry.npmjs.org/once set size:undefined disposed:false
435 http fetch GET 200 https://registry.npmjs.org/fs.realpath 117ms (cache miss)
436 silly packumentCache full:https://registry.npmjs.org/fs.realpath set size:undefined disposed:false
437 http fetch GET 200 https://registry.npmjs.org/inherits 124ms (cache miss)
438 silly packumentCache full:https://registry.npmjs.org/inherits set size:undefined disposed:false
439 http fetch GET 200 https://registry.npmjs.org/has-flag 119ms (cache miss)
440 silly packumentCache full:https://registry.npmjs.org/has-flag set size:undefined disposed:false
441 http fetch GET 200 https://registry.npmjs.org/graceful-readlink 222ms (cache miss)
442 silly packumentCache full:https://registry.npmjs.org/graceful-readlink set size:undefined disposed:false
443 http fetch GET 200 https://registry.npmjs.org/lodash._baseassign 216ms (cache miss)
444 silly packumentCache full:https://registry.npmjs.org/lodash._baseassign set size:undefined disposed:false
445 http fetch GET 200 https://registry.npmjs.org/lodash._isiterateecall 235ms (cache miss)
446 silly packumentCache full:https://registry.npmjs.org/lodash._isiterateecall set size:undefined disposed:false
447 http fetch GET 200 https://registry.npmjs.org/lodash._basecreate 243ms (cache miss)
448 silly packumentCache full:https://registry.npmjs.org/lodash._basecreate set size:undefined disposed:false
449 silly placeDep ROOT graceful-readlink@1.0.1 OK for: commander@2.9.0 want: >= 1.0.0
450 silly placeDep ROOT fs.realpath@1.0.0 OK for: glob@7.1.1 want: ^1.0.0
451 silly placeDep ROOT inflight@1.0.6 OK for: glob@7.1.1 want: ^1.0.4
452 silly placeDep ROOT inherits@2.0.4 OK for: glob@7.1.1 want: 2
453 silly placeDep ROOT once@1.4.0 OK for: glob@7.1.1 want: ^1.3.0
454 silly fetch manifest wrappy@1
455 silly packumentCache full:https://registry.npmjs.org/wrappy cache-miss
456 silly fetch manifest wrappy@1
457 silly packumentCache full:https://registry.npmjs.org/wrappy cache-miss
458 http fetch GET 200 https://registry.npmjs.org/wrappy 39ms (cache miss)
459 silly packumentCache full:https://registry.npmjs.org/wrappy set size:undefined disposed:false
460 http fetch GET 200 https://registry.npmjs.org/wrappy 38ms (cache miss)
461 silly packumentCache full:https://registry.npmjs.org/wrappy set size:undefined disposed:false
462 silly placeDep ROOT wrappy@1.0.2 OK for: inflight@1.0.6 want: 1
463 silly placeDep ROOT lodash._baseassign@3.2.0 OK for: lodash.create@3.1.1 want: ^3.0.0
464 silly placeDep ROOT lodash._basecreate@3.0.3 OK for: lodash.create@3.1.1 want: ^3.0.0
465 silly placeDep ROOT lodash._isiterateecall@3.0.9 OK for: lodash.create@3.1.1 want: ^3.0.0
466 silly fetch manifest lodash._basecopy@^3.0.0
467 silly packumentCache full:https://registry.npmjs.org/lodash._basecopy cache-miss
468 silly fetch manifest lodash.keys@^3.0.0
469 silly packumentCache full:https://registry.npmjs.org/lodash.keys cache-miss
470 http fetch GET 200 https://registry.npmjs.org/lodash._basecopy 192ms (cache miss)
471 silly packumentCache full:https://registry.npmjs.org/lodash._basecopy set size:undefined disposed:false
472 http fetch GET 200 https://registry.npmjs.org/lodash.keys 200ms (cache miss)
473 silly packumentCache full:https://registry.npmjs.org/lodash.keys set size:undefined disposed:false
474 silly placeDep ROOT lodash._basecopy@3.0.1 OK for: lodash._baseassign@3.2.0 want: ^3.0.0
475 silly placeDep ROOT lodash.keys@3.1.2 OK for: lodash._baseassign@3.2.0 want: ^3.0.0
476 silly fetch manifest lodash._getnative@^3.0.0
477 silly packumentCache full:https://registry.npmjs.org/lodash._getnative cache-miss
478 silly fetch manifest lodash.isarguments@^3.0.0
479 silly packumentCache full:https://registry.npmjs.org/lodash.isarguments cache-miss
480 silly fetch manifest lodash.isarray@^3.0.0
481 silly packumentCache full:https://registry.npmjs.org/lodash.isarray cache-miss
482 http fetch GET 200 https://registry.npmjs.org/lodash.isarguments 43ms (cache miss)
483 silly packumentCache full:https://registry.npmjs.org/lodash.isarguments set size:undefined disposed:false
484 http fetch GET 200 https://registry.npmjs.org/lodash._getnative 212ms (cache miss)
485 silly packumentCache full:https://registry.npmjs.org/lodash._getnative set size:undefined disposed:false
486 http fetch GET 200 https://registry.npmjs.org/lodash.isarray 212ms (cache miss)
487 silly packumentCache full:https://registry.npmjs.org/lodash.isarray set size:undefined disposed:false
488 silly placeDep ROOT lodash._getnative@3.9.1 OK for: lodash.keys@3.1.2 want: ^3.0.0
489 silly placeDep ROOT lodash.isarguments@3.1.0 OK for: lodash.keys@3.1.2 want: ^3.0.0
490 silly placeDep ROOT lodash.isarray@3.0.4 OK for: lodash.keys@3.1.2 want: ^3.0.0
491 silly placeDep ROOT is-finite@1.1.0 OK for: repeating@2.0.1 want: ^1.0.0
492 silly placeDep ROOT builtin-modules@2.0.0 OK for: rollup-plugin-node-resolve@3.4.0 want: ^2.0.0
493 silly placeDep ROOT is-module@1.0.0 OK for: rollup-plugin-node-resolve@3.4.0 want: ^1.0.0
494 silly placeDep ROOT resolve@1.22.11 OK for: rollup-plugin-node-resolve@3.4.0 want: ^1.1.6
495 silly fetch manifest is-core-module@^2.16.1
496 silly packumentCache full:https://registry.npmjs.org/is-core-module cache-miss
497 silly fetch manifest path-parse@^1.0.7
498 silly packumentCache full:https://registry.npmjs.org/path-parse cache-miss
499 silly fetch manifest supports-preserve-symlinks-flag@^1.0.0
500 silly packumentCache full:https://registry.npmjs.org/supports-preserve-symlinks-flag cache-miss
501 http fetch GET 200 https://registry.npmjs.org/is-core-module 43ms (cache miss)
502 silly packumentCache full:https://registry.npmjs.org/is-core-module set size:undefined disposed:false
503 http fetch GET 200 https://registry.npmjs.org/path-parse 44ms (cache miss)
504 silly packumentCache full:https://registry.npmjs.org/path-parse set size:undefined disposed:false
505 http fetch GET 200 https://registry.npmjs.org/supports-preserve-symlinks-flag 43ms (cache miss)
506 silly packumentCache full:https://registry.npmjs.org/supports-preserve-symlinks-flag set size:undefined disposed:false
507 silly placeDep ROOT is-core-module@2.16.1 OK for: resolve@1.22.11 want: ^2.16.1
508 silly placeDep ROOT path-parse@1.0.7 OK for: resolve@1.22.11 want: ^1.0.7
509 silly placeDep ROOT supports-preserve-symlinks-flag@1.0.0 OK for: resolve@1.22.11 want: ^1.0.0
510 silly fetch manifest hasown@^2.0.2
511 silly packumentCache full:https://registry.npmjs.org/hasown cache-miss
512 http fetch GET 200 https://registry.npmjs.org/hasown 31ms (cache miss)
513 silly packumentCache full:https://registry.npmjs.org/hasown set size:undefined disposed:false
514 silly placeDep ROOT hasown@2.0.2 OK for: is-core-module@2.16.1 want: ^2.0.2
515 silly fetch manifest function-bind@^1.1.2
516 silly packumentCache full:https://registry.npmjs.org/function-bind cache-miss
517 http fetch GET 200 https://registry.npmjs.org/function-bind 31ms (cache miss)
518 silly packumentCache full:https://registry.npmjs.org/function-bind set size:undefined disposed:false
519 silly placeDep ROOT function-bind@1.1.2 OK for: hasown@2.0.2 want: ^1.1.2
520 silly placeDep ROOT require-relative@0.8.7 OK for: rollup-watch@3.2.2 want: 0.8.7
521 silly placeDep node_modules/mocha minimist@0.0.8 OK for: mkdirp@0.5.1 want: 0.0.8
522 silly placeDep ROOT has-flag@1.0.0 OK for: supports-color@3.1.2 want: ^1.0.0
523 silly reify moves {}
524 silly tarball no local data for has-flag@https://registry.npmjs.org/has-flag/-/has-flag-1.0.0.tgz. Extracting by manifest.
525 silly tarball no local data for require-relative@https://registry.npmjs.org/require-relative/-/require-relative-0.8.7.tgz. Extracting by manifest.
526 silly tarball no local data for resolve@https://registry.npmjs.org/resolve/-/resolve-1.22.11.tgz. Extracting by manifest.
527 silly tarball no local data for is-module@https://registry.npmjs.org/is-module/-/is-module-1.0.0.tgz. Extracting by manifest.
528 silly tarball no local data for builtin-modules@https://registry.npmjs.org/builtin-modules/-/builtin-modules-2.0.0.tgz. Extracting by manifest.
529 silly tarball no local data for is-finite@https://registry.npmjs.org/is-finite/-/is-finite-1.1.0.tgz. Extracting by manifest.
530 silly tarball no local data for lodash.isarguments@https://registry.npmjs.org/lodash.isarguments/-/lodash.isarguments-3.1.0.tgz. Extracting by manifest.
531 silly tarball no local data for lodash.isarray@https://registry.npmjs.org/lodash.isarray/-/lodash.isarray-3.0.4.tgz. Extracting by manifest.
532 silly tarball no local data for lodash._getnative@https://registry.npmjs.org/lodash._getnative/-/lodash._getnative-3.9.1.tgz. Extracting by manifest.
533 silly tarball no local data for lodash.keys@https://registry.npmjs.org/lodash.keys/-/lodash.keys-3.1.2.tgz. Extracting by manifest.
534 silly tarball no local data for lodash._basecopy@https://registry.npmjs.org/lodash._basecopy/-/lodash._basecopy-3.0.1.tgz. Extracting by manifest.
535 silly tarball no local data for lodash._isiterateecall@https://registry.npmjs.org/lodash._isiterateecall/-/lodash._isiterateecall-3.0.9.tgz. Extracting by manifest.
536 silly tarball no local data for lodash._baseassign@https://registry.npmjs.org/lodash._baseassign/-/lodash._baseassign-3.2.0.tgz. Extracting by manifest.
537 silly tarball no local data for lodash._basecreate@https://registry.npmjs.org/lodash._basecreate/-/lodash._basecreate-3.0.3.tgz. Extracting by manifest.
538 silly tarball no local data for wrappy@https://registry.npmjs.org/wrappy/-/wrappy-1.0.2.tgz. Extracting by manifest.
539 silly tarball no local data for once@https://registry.npmjs.org/once/-/once-1.4.0.tgz. Extracting by manifest.
540 silly tarball no local data for inherits@https://registry.npmjs.org/inherits/-/inherits-2.0.4.tgz. Extracting by manifest.
541 silly tarball no local data for inflight@https://registry.npmjs.org/inflight/-/inflight-1.0.6.tgz. Extracting by manifest.
542 silly tarball no local data for fs.realpath@https://registry.npmjs.org/fs.realpath/-/fs.realpath-1.0.0.tgz. Extracting by manifest.
543 silly tarball no local data for graceful-readlink@https://registry.npmjs.org/graceful-readlink/-/graceful-readlink-1.0.1.tgz. Extracting by manifest.
544 silly tarball no local data for lodash.create@https://registry.npmjs.org/lodash.create/-/lodash.create-3.1.1.tgz. Extracting by manifest.
545 silly tarball no local data for json3@https://registry.npmjs.org/json3/-/json3-3.3.2.tgz. Extracting by manifest.
546 silly tarball no local data for he@https://registry.npmjs.org/he/-/he-1.1.1.tgz. Extracting by manifest.
547 silly tarball no local data for glob@https://registry.npmjs.org/glob/-/glob-7.1.1.tgz. Extracting by manifest.
548 silly tarball no local data for growl@https://registry.npmjs.org/growl/-/growl-1.9.2.tgz. Extracting by manifest.
549 silly tarball no local data for diff@https://registry.npmjs.org/diff/-/diff-3.2.0.tgz. Extracting by manifest.
550 silly tarball no local data for commander@https://registry.npmjs.org/commander/-/commander-2.9.0.tgz. Extracting by manifest.
551 silly tarball no local data for concat-map@https://registry.npmjs.org/concat-map/-/concat-map-0.0.1.tgz. Extracting by manifest.
552 silly tarball no local data for browser-stdout@https://registry.npmjs.org/browser-stdout/-/browser-stdout-1.3.0.tgz. Extracting by manifest.
553 silly tarball no local data for minimist@https://registry.npmjs.org/minimist/-/minimist-1.2.8.tgz. Extracting by manifest.
554 silly tarball no local data for brace-expansion@https://registry.npmjs.org/brace-expansion/-/brace-expansion-1.1.12.tgz. Extracting by manifest.
555 silly tarball no local data for loose-envify@https://registry.npmjs.org/loose-envify/-/loose-envify-1.4.0.tgz. Extracting by manifest.
556 silly tarball no local data for os-tmpdir@https://registry.npmjs.org/os-tmpdir/-/os-tmpdir-1.0.2.tgz. Extracting by manifest.
557 silly tarball no local data for repeating@https://registry.npmjs.org/repeating/-/repeating-2.0.1.tgz. Extracting by manifest.
558 silly tarball no local data for ansi-regex@https://registry.npmjs.org/ansi-regex/-/ansi-regex-2.1.1.tgz. Extracting by manifest.
559 silly tarball no local data for os-homedir@https://registry.npmjs.org/os-homedir/-/os-homedir-1.0.2.tgz. Extracting by manifest.
560 silly tarball no local data for supports-color@https://registry.npmjs.org/supports-color/-/supports-color-2.0.0.tgz. Extracting by manifest.
561 silly tarball no local data for strip-ansi@https://registry.npmjs.org/strip-ansi/-/strip-ansi-3.0.1.tgz. Extracting by manifest.
562 silly tarball no local data for ms@https://registry.npmjs.org/ms/-/ms-2.0.0.tgz. Extracting by manifest.
563 silly tarball no local data for has-ansi@https://registry.npmjs.org/has-ansi/-/has-ansi-2.0.0.tgz. Extracting by manifest.
564 silly tarball no local data for escape-string-regexp@https://registry.npmjs.org/escape-string-regexp/-/escape-string-regexp-1.0.5.tgz. Extracting by manifest.
565 silly tarball no local data for globals@https://registry.npmjs.org/globals/-/globals-9.18.0.tgz. Extracting by manifest.
566 silly tarball no local data for ansi-styles@https://registry.npmjs.org/ansi-styles/-/ansi-styles-2.2.1.tgz. Extracting by manifest.
567 silly tarball no local data for to-fast-properties@https://registry.npmjs.org/to-fast-properties/-/to-fast-properties-1.0.3.tgz. Extracting by manifest.
568 silly tarball no local data for invariant@https://registry.npmjs.org/invariant/-/invariant-2.2.4.tgz. Extracting by manifest.
569 silly tarball no local data for regenerator-runtime@https://registry.npmjs.org/regenerator-runtime/-/regenerator-runtime-0.11.1.tgz. Extracting by manifest.
570 silly tarball no local data for trim-right@https://registry.npmjs.org/trim-right/-/trim-right-1.0.1.tgz. Extracting by manifest.
571 silly tarball no local data for jsesc@https://registry.npmjs.org/jsesc/-/jsesc-1.3.0.tgz. Extracting by manifest.
572 silly tarball no local data for detect-indent@https://registry.npmjs.org/detect-indent/-/detect-indent-4.0.0.tgz. Extracting by manifest.
573 silly tarball no local data for js-tokens@https://registry.npmjs.org/js-tokens/-/js-tokens-3.0.2.tgz. Extracting by manifest.
574 silly tarball no local data for esutils@https://registry.npmjs.org/esutils/-/esutils-2.0.3.tgz. Extracting by manifest.
575 silly tarball no local data for chalk@https://registry.npmjs.org/chalk/-/chalk-1.1.3.tgz. Extracting by manifest.
576 silly tarball no local data for source-map@https://registry.npmjs.org/source-map/-/source-map-0.5.7.tgz. Extracting by manifest.
577 silly tarball no local data for private@https://registry.npmjs.org/private/-/private-0.1.8.tgz. Extracting by manifest.
578 silly tarball no local data for slash@https://registry.npmjs.org/slash/-/slash-1.0.0.tgz. Extracting by manifest.
579 silly tarball no local data for path-is-absolute@https://registry.npmjs.org/path-is-absolute/-/path-is-absolute-1.0.1.tgz. Extracting by manifest.
580 silly tarball no local data for minimatch@https://registry.npmjs.org/minimatch/-/minimatch-3.1.2.tgz. Extracting by manifest.
581 silly tarball no local data for debug@https://registry.npmjs.org/debug/-/debug-2.6.9.tgz. Extracting by manifest.
582 silly tarball no local data for json5@https://registry.npmjs.org/json5/-/json5-0.5.1.tgz. Extracting by manifest.
583 silly tarball no local data for convert-source-map@https://registry.npmjs.org/convert-source-map/-/convert-source-map-1.9.0.tgz. Extracting by manifest.
584 silly tarball no local data for babylon@https://registry.npmjs.org/babylon/-/babylon-6.18.0.tgz. Extracting by manifest.
585 silly tarball no local data for babel-messages@https://registry.npmjs.org/babel-messages/-/babel-messages-6.23.0.tgz. Extracting by manifest.
586 silly tarball no local data for babel-helpers@https://registry.npmjs.org/babel-helpers/-/babel-helpers-6.24.1.tgz. Extracting by manifest.
587 silly tarball no local data for babel-traverse@https://registry.npmjs.org/babel-traverse/-/babel-traverse-6.26.0.tgz. Extracting by manifest.
588 silly tarball no local data for babel-generator@https://registry.npmjs.org/babel-generator/-/babel-generator-6.26.1.tgz. Extracting by manifest.
589 silly tarball no local data for babel-code-frame@https://registry.npmjs.org/babel-code-frame/-/babel-code-frame-6.26.0.tgz. Extracting by manifest.
590 silly tarball no local data for source-map-support@https://registry.npmjs.org/source-map-support/-/source-map-support-0.4.18.tgz. Extracting by manifest.
591 silly tarball no local data for mkdirp@https://registry.npmjs.org/mkdirp/-/mkdirp-0.5.6.tgz. Extracting by manifest.
592 silly tarball no local data for lodash@https://registry.npmjs.org/lodash/-/lodash-4.17.23.tgz. Extracting by manifest.
593 silly tarball no local data for home-or-tmp@https://registry.npmjs.org/home-or-tmp/-/home-or-tmp-2.0.0.tgz. Extracting by manifest.
594 silly tarball no local data for core-js@https://registry.npmjs.org/core-js/-/core-js-2.6.12.tgz. Extracting by manifest.
595 silly tarball no local data for babel-core@https://registry.npmjs.org/babel-core/-/babel-core-6.26.3.tgz. Extracting by manifest.
596 silly tarball no local data for babel-template@https://registry.npmjs.org/babel-template/-/babel-template-6.26.0.tgz. Extracting by manifest.
597 silly tarball no local data for babel-types@https://registry.npmjs.org/babel-types/-/babel-types-6.26.0.tgz. Extracting by manifest.
598 silly tarball no local data for babel-runtime@https://registry.npmjs.org/babel-runtime/-/babel-runtime-6.26.0.tgz. Extracting by manifest.
599 silly tarball no local data for babel-plugin-transform-strict-mode@https://registry.npmjs.org/babel-plugin-transform-strict-mode/-/babel-plugin-transform-strict-mode-6.24.1.tgz. Extracting by manifest.
600 silly tarball no local data for rollup-plugin-node-resolve@https://registry.npmjs.org/rollup-plugin-node-resolve/-/rollup-plugin-node-resolve-3.4.0.tgz. Extracting by manifest.
601 silly tarball no local data for rollup-watch@https://registry.npmjs.org/rollup-watch/-/rollup-watch-3.2.2.tgz. Extracting by manifest.
602 silly tarball no local data for rollup@https://registry.npmjs.org/rollup/-/rollup-0.41.6.tgz. Extracting by manifest.
603 silly tarball no local data for mocha@https://registry.npmjs.org/mocha/-/mocha-3.5.3.tgz. Extracting by manifest.
604 silly tarball no local data for minimist@https://registry.npmjs.org/minimist/-/minimist-0.0.8.tgz. Extracting by manifest.
605 silly tarball no local data for mkdirp@https://registry.npmjs.org/mkdirp/-/mkdirp-0.5.1.tgz. Extracting by manifest.
606 silly tarball no local data for supports-color@https://registry.npmjs.org/supports-color/-/supports-color-3.1.2.tgz. Extracting by manifest.
607 silly tarball no local data for babel-register@https://registry.npmjs.org/babel-register/-/babel-register-6.26.0.tgz. Extracting by manifest.
608 silly tarball no local data for debug@https://registry.npmjs.org/debug/-/debug-2.6.8.tgz. Extracting by manifest.
609 silly tarball no local data for babel-plugin-transform-es2015-modules-commonjs@https://registry.npmjs.org/babel-plugin-transform-es2015-modules-commonjs/-/babel-plugin-transform-es2015-modules-commonjs-6.26.2.tgz. Extracting by manifest.
610 http fetch GET 200 https://registry.npmjs.org/builtin-modules/-/builtin-modules-2.0.0.tgz 901ms (cache miss)
611 http fetch GET 200 https://registry.npmjs.org/has-flag/-/has-flag-1.0.0.tgz 910ms (cache miss)
612 http fetch GET 200 https://registry.npmjs.org/require-relative/-/require-relative-0.8.7.tgz 911ms (cache miss)
613 http fetch GET 200 https://registry.npmjs.org/is-module/-/is-module-1.0.0.tgz 908ms (cache miss)
614 http fetch GET 200 https://registry.npmjs.org/lodash._basecopy/-/lodash._basecopy-3.0.1.tgz 913ms (cache miss)
615 http fetch GET 200 https://registry.npmjs.org/lodash.isarguments/-/lodash.isarguments-3.1.0.tgz 920ms (cache miss)
616 http fetch GET 200 https://registry.npmjs.org/is-finite/-/is-finite-1.1.0.tgz 922ms (cache miss)
617 http fetch GET 200 https://registry.npmjs.org/lodash.keys/-/lodash.keys-3.1.2.tgz 916ms (cache miss)
618 http fetch GET 200 https://registry.npmjs.org/lodash._getnative/-/lodash._getnative-3.9.1.tgz 918ms (cache miss)
619 http fetch GET 200 https://registry.npmjs.org/once/-/once-1.4.0.tgz 938ms (cache miss)
620 http fetch GET 200 https://registry.npmjs.org/inflight/-/inflight-1.0.6.tgz 935ms (cache miss)
621 http fetch GET 200 https://registry.npmjs.org/fs.realpath/-/fs.realpath-1.0.0.tgz 934ms (cache miss)
622 http fetch GET 200 https://registry.npmjs.org/graceful-readlink/-/graceful-readlink-1.0.1.tgz 933ms (cache miss)
623 http fetch GET 200 https://registry.npmjs.org/inherits/-/inherits-2.0.4.tgz 938ms (cache miss)
624 http fetch GET 200 https://registry.npmjs.org/lodash.create/-/lodash.create-3.1.1.tgz 933ms (cache miss)
625 http fetch GET 200 https://registry.npmjs.org/lodash.isarray/-/lodash.isarray-3.0.4.tgz 959ms (cache miss)
626 http fetch GET 200 https://registry.npmjs.org/concat-map/-/concat-map-0.0.1.tgz 945ms (cache miss)
627 http fetch GET 200 https://registry.npmjs.org/browser-stdout/-/browser-stdout-1.3.0.tgz 945ms (cache miss)
628 warn deprecated inflight@1.0.6: This module is not supported, and leaks memory. Do not use it. Check out lru-cache if you want a good and tested way to coalesce async requests by a key value, which is much more comprehensive and powerful.
629 http fetch GET 200 https://registry.npmjs.org/brace-expansion/-/brace-expansion-1.1.12.tgz 971ms (cache miss)
630 http fetch GET 200 https://registry.npmjs.org/os-tmpdir/-/os-tmpdir-1.0.2.tgz 965ms (cache miss)
631 http fetch GET 200 https://registry.npmjs.org/ansi-regex/-/ansi-regex-2.1.1.tgz 964ms (cache miss)
632 http fetch GET 200 https://registry.npmjs.org/os-homedir/-/os-homedir-1.0.2.tgz 965ms (cache miss)
633 http fetch GET 200 https://registry.npmjs.org/repeating/-/repeating-2.0.1.tgz 985ms (cache miss)
634 http fetch GET 200 https://registry.npmjs.org/has-ansi/-/has-ansi-2.0.0.tgz 998ms (cache miss)
635 http fetch GET 200 https://registry.npmjs.org/strip-ansi/-/strip-ansi-3.0.1.tgz 1001ms (cache miss)
636 http fetch GET 200 https://registry.npmjs.org/ms/-/ms-2.0.0.tgz 1000ms (cache miss)
637 http fetch GET 200 https://registry.npmjs.org/globals/-/globals-9.18.0.tgz 999ms (cache miss)
638 http fetch GET 200 https://registry.npmjs.org/to-fast-properties/-/to-fast-properties-1.0.3.tgz 1000ms (cache miss)
639 http fetch GET 200 https://registry.npmjs.org/chalk/-/chalk-1.1.3.tgz 991ms (cache miss)
640 http fetch GET 200 https://registry.npmjs.org/detect-indent/-/detect-indent-4.0.0.tgz 995ms (cache miss)
641 http fetch GET 200 https://registry.npmjs.org/private/-/private-0.1.8.tgz 1004ms (cache miss)
642 http fetch GET 200 https://registry.npmjs.org/slash/-/slash-1.0.0.tgz 1003ms (cache miss)
643 http fetch GET 200 https://registry.npmjs.org/mkdirp/-/mkdirp-0.5.6.tgz 984ms (cache miss)
644 http fetch GET 200 https://registry.npmjs.org/home-or-tmp/-/home-or-tmp-2.0.0.tgz 985ms (cache miss)
645 http fetch GET 200 https://registry.npmjs.org/escape-string-regexp/-/escape-string-regexp-1.0.5.tgz 1030ms (cache miss)
646 http fetch GET 200 https://registry.npmjs.org/lodash._isiterateecall/-/lodash._isiterateecall-3.0.9.tgz 1078ms (cache miss)
647 http fetch GET 200 https://registry.npmjs.org/loose-envify/-/loose-envify-1.4.0.tgz 1053ms (cache miss)
648 http fetch GET 200 https://registry.npmjs.org/wrappy/-/wrappy-1.0.2.tgz 1076ms (cache miss)
649 http fetch GET 200 https://registry.npmjs.org/lodash._baseassign/-/lodash._baseassign-3.2.0.tgz 1082ms (cache miss)
650 http fetch GET 200 https://registry.npmjs.org/js-tokens/-/js-tokens-3.0.2.tgz 1034ms (cache miss)
651 http fetch GET 200 https://registry.npmjs.org/invariant/-/invariant-2.2.4.tgz 1041ms (cache miss)
652 http fetch GET 200 https://registry.npmjs.org/trim-right/-/trim-right-1.0.1.tgz 1039ms (cache miss)
653 http fetch GET 200 https://registry.npmjs.org/path-is-absolute/-/path-is-absolute-1.0.1.tgz 1031ms (cache miss)
654 http fetch GET 200 https://registry.npmjs.org/convert-source-map/-/convert-source-map-1.9.0.tgz 1025ms (cache miss)
655 http fetch GET 200 https://registry.npmjs.org/babel-plugin-transform-strict-mode/-/babel-plugin-transform-strict-mode-6.24.1.tgz 1009ms (cache miss)
656 http fetch GET 200 https://registry.npmjs.org/rollup-watch/-/rollup-watch-3.2.2.tgz 1006ms (cache miss)
657 http fetch GET 200 https://registry.npmjs.org/minimist/-/minimist-0.0.8.tgz 1004ms (cache miss)
658 http fetch GET 200 https://registry.npmjs.org/supports-color/-/supports-color-3.1.2.tgz 1008ms (cache miss)
659 http fetch GET 200 https://registry.npmjs.org/babel-register/-/babel-register-6.26.0.tgz 1010ms (cache miss)
660 http fetch GET 200 https://registry.npmjs.org/supports-color/-/supports-color-2.0.0.tgz 1076ms (cache miss)
661 http fetch GET 200 https://registry.npmjs.org/lodash._basecreate/-/lodash._basecreate-3.0.3.tgz 1109ms (cache miss)
662 http fetch GET 200 https://registry.npmjs.org/ansi-styles/-/ansi-styles-2.2.1.tgz 1071ms (cache miss)
663 http fetch GET 200 https://registry.npmjs.org/minimatch/-/minimatch-3.1.2.tgz 1055ms (cache miss)
664 http fetch GET 200 https://registry.npmjs.org/babel-messages/-/babel-messages-6.23.0.tgz 1049ms (cache miss)
665 http fetch GET 200 https://registry.npmjs.org/babel-code-frame/-/babel-code-frame-6.26.0.tgz 1045ms (cache miss)
666 http fetch GET 200 https://registry.npmjs.org/babel-plugin-transform-es2015-modules-commonjs/-/babel-plugin-transform-es2015-modules-commonjs-6.26.2.tgz 1023ms (cache miss)
667 http fetch GET 200 https://registry.npmjs.org/growl/-/growl-1.9.2.tgz 1114ms (cache miss)
668 http fetch GET 200 https://registry.npmjs.org/commander/-/commander-2.9.0.tgz 1118ms (cache miss)
669 http fetch GET 200 https://registry.npmjs.org/json3/-/json3-3.3.2.tgz 1124ms (cache miss)
670 http fetch GET 200 https://registry.npmjs.org/jsesc/-/jsesc-1.3.0.tgz 1091ms (cache miss)
671 http fetch GET 200 https://registry.npmjs.org/regenerator-runtime/-/regenerator-runtime-0.11.1.tgz 1095ms (cache miss)
672 http fetch GET 200 https://registry.npmjs.org/babel-helpers/-/babel-helpers-6.24.1.tgz 1070ms (cache miss)
673 http fetch GET 200 https://registry.npmjs.org/babel-template/-/babel-template-6.26.0.tgz 1062ms (cache miss)
674 warn deprecated json3@3.3.2: Please use the native JSON object instead of JSON 3
675 http fetch GET 200 https://registry.npmjs.org/source-map-support/-/source-map-support-0.4.18.tgz 1092ms (cache miss)
676 http fetch GET 200 https://registry.npmjs.org/glob/-/glob-7.1.1.tgz 1155ms (cache miss)
677 http fetch GET 200 https://registry.npmjs.org/he/-/he-1.1.1.tgz 1161ms (cache miss)
678 warn deprecated glob@7.1.1: Old versions of glob are not supported, and contain widely publicized security vulnerabilities, which have been fixed in the current version. Please update. Support for old versions may be purchased (at exorbitant rates) by contacting i@izs.me
679 http fetch GET 200 https://registry.npmjs.org/esutils/-/esutils-2.0.3.tgz 1130ms (cache miss)
680 http fetch GET 200 https://registry.npmjs.org/rollup-plugin-node-resolve/-/rollup-plugin-node-resolve-3.4.0.tgz 1097ms (cache miss)
681 warn deprecated rollup-plugin-node-resolve@3.4.0: This package has been deprecated and is no longer maintained. Please use @rollup/plugin-node-resolve.
682 warn deprecated rollup-watch@3.2.2: rollup-watch functionality is now included in Rollup itself
683 http fetch GET 200 https://registry.npmjs.org/json5/-/json5-0.5.1.tgz 1157ms (cache miss)
684 http fetch GET 200 https://registry.npmjs.org/babylon/-/babylon-6.18.0.tgz 1169ms (cache miss)
685 http fetch GET 200 https://registry.npmjs.org/debug/-/debug-2.6.9.tgz 1220ms (cache miss)
686 http fetch GET 200 https://registry.npmjs.org/babel-types/-/babel-types-6.26.0.tgz 1224ms (cache miss)
687 http fetch GET 200 https://registry.npmjs.org/babel-generator/-/babel-generator-6.26.1.tgz 1242ms (cache miss)
688 http fetch GET 200 https://registry.npmjs.org/debug/-/debug-2.6.8.tgz 1230ms (cache miss)
689 http fetch GET 200 https://registry.npmjs.org/minimist/-/minimist-1.2.8.tgz 1312ms (cache miss)
690 http fetch GET 200 https://registry.npmjs.org/mkdirp/-/mkdirp-0.5.1.tgz 1244ms (cache miss)
691 warn deprecated mkdirp@0.5.1: Legacy versions of mkdirp are no longer supported. Please update to mkdirp 1.x. (Note that the API surface has changed to use Promises in 1.x.)
692 http fetch GET 200 https://registry.npmjs.org/diff/-/diff-3.2.0.tgz 1384ms (cache miss)
693 http fetch GET 200 https://registry.npmjs.org/babel-traverse/-/babel-traverse-6.26.0.tgz 1336ms (cache miss)
694 http fetch GET 200 https://registry.npmjs.org/source-map/-/source-map-0.5.7.tgz 1396ms (cache miss)
695 http fetch GET 200 https://registry.npmjs.org/babel-core/-/babel-core-6.26.3.tgz 1368ms (cache miss)
696 http fetch GET 200 https://registry.npmjs.org/rollup/-/rollup-0.41.6.tgz 1414ms (cache miss)
697 http fetch GET 200 https://registry.npmjs.org/mocha/-/mocha-3.5.3.tgz 1482ms (cache miss)
698 http fetch GET 200 https://registry.npmjs.org/resolve/-/resolve-1.22.11.tgz 1804ms (cache miss)
699 http fetch GET 200 https://registry.npmjs.org/babel-runtime/-/babel-runtime-6.26.0.tgz 1968ms (cache miss)
700 http fetch GET 200 https://registry.npmjs.org/lodash/-/lodash-4.17.23.tgz 3469ms (cache miss)
701 http fetch GET 200 https://registry.npmjs.org/core-js/-/core-js-2.6.12.tgz 4090ms (cache miss)
702 warn deprecated core-js@2.6.12: core-js@<3.23.3 is no longer maintained and not recommended for usage due to the number of issues. Because of the V8 engine whims, feature detection in old core-js versions could cause a slowdown up to 100x even if nothing is polyfilled. Some versions have web compatibility issues. Please, upgrade your dependencies to the actual version of core-js.
703 info run core-js@2.6.12 postinstall node_modules/core-js node -e "try{require('./postinstall')}catch(e){}"
704 info run core-js@2.6.12 postinstall { code: 0, signal: null }
705 silly ADD node_modules/has-flag
706 silly ADD node_modules/require-relative
707 silly ADD node_modules/function-bind
708 silly ADD node_modules/hasown
709 silly ADD node_modules/supports-preserve-symlinks-flag
710 silly ADD node_modules/path-parse
711 silly ADD node_modules/is-core-module
712 silly ADD node_modules/resolve
713 silly ADD node_modules/is-module
714 silly ADD node_modules/builtin-modules
715 silly ADD node_modules/is-finite
716 silly ADD node_modules/lodash.isarray
717 silly ADD node_modules/lodash.isarguments
718 silly ADD node_modules/lodash._getnative
719 silly ADD node_modules/lodash.keys
720 silly ADD node_modules/lodash._basecopy
721 silly ADD node_modules/lodash._isiterateecall
722 silly ADD node_modules/lodash._basecreate
723 silly ADD node_modules/lodash._baseassign
724 silly ADD node_modules/wrappy
725 silly ADD node_modules/once
726 silly ADD node_modules/inherits
727 silly ADD node_modules/inflight
728 silly ADD node_modules/fs.realpath
729 silly ADD node_modules/graceful-readlink
730 silly ADD node_modules/lodash.create
731 silly ADD node_modules/json3
732 silly ADD node_modules/he
733 silly ADD node_modules/growl
734 silly ADD node_modules/glob
735 silly ADD node_modules/diff
736 silly ADD node_modules/commander
737 silly ADD node_modules/browser-stdout
738 silly ADD node_modules/minimist
739 silly ADD node_modules/concat-map
740 silly ADD node_modules/balanced-match
741 silly ADD node_modules/brace-expansion
742 silly ADD node_modules/loose-envify
743 silly ADD node_modules/os-tmpdir
744 silly ADD node_modules/os-homedir
745 silly ADD node_modules/ansi-regex
746 silly ADD node_modules/repeating
747 silly ADD node_modules/ms
748 silly ADD node_modules/supports-color
749 silly ADD node_modules/strip-ansi
750 silly ADD node_modules/has-ansi
751 silly ADD node_modules/escape-string-regexp
752 silly ADD node_modules/ansi-styles
753 silly ADD node_modules/to-fast-properties
754 silly ADD node_modules/invariant
755 silly ADD node_modules/globals
756 silly ADD node_modules/regenerator-runtime
757 silly ADD node_modules/trim-right
758 silly ADD node_modules/jsesc
759 silly ADD node_modules/detect-indent
760 silly ADD node_modules/js-tokens
761 silly ADD node_modules/esutils
762 silly ADD node_modules/chalk
763 silly ADD node_modules/source-map
764 silly ADD node_modules/slash
765 silly ADD node_modules/private
766 silly ADD node_modules/path-is-absolute
767 silly ADD node_modules/minimatch
768 silly ADD node_modules/json5
769 silly ADD node_modules/debug
770 silly ADD node_modules/convert-source-map
771 silly ADD node_modules/babylon
772 silly ADD node_modules/babel-traverse
773 silly ADD node_modules/babel-messages
774 silly ADD node_modules/babel-helpers
775 silly ADD node_modules/babel-generator
776 silly ADD node_modules/babel-code-frame
777 silly ADD node_modules/source-map-support
778 silly ADD node_modules/mkdirp
779 silly ADD node_modules/lodash
780 silly ADD node_modules/home-or-tmp
781 silly ADD node_modules/core-js
782 silly ADD node_modules/babel-core
783 silly ADD node_modules/babel-types
784 silly ADD node_modules/babel-template
785 silly ADD node_modules/babel-runtime
786 silly ADD node_modules/babel-plugin-transform-strict-mode
787 silly ADD node_modules/rollup-watch
788 silly ADD node_modules/rollup-plugin-node-resolve
789 silly ADD node_modules/rollup
790 silly ADD node_modules/mocha
791 silly ADD node_modules/mocha/node_modules/minimist
792 silly ADD node_modules/mocha/node_modules/supports-color
793 silly ADD node_modules/mocha/node_modules/mkdirp
794 silly ADD node_modules/mocha/node_modules/debug
795 silly ADD node_modules/babel-register
796 silly ADD node_modules/babel-plugin-transform-es2015-modules-commonjs
797 silly ADD node_modules/@emmetio/stream-reader-utils
798 silly ADD node_modules/@emmetio/stream-reader
799 verbose cwd C:\personal\react\magobejm.github.io\.npm-cache\_cacache\tmp\git-clone2FpbFr
800 verbose os Windows_NT 10.0.26200
801 verbose node v20.20.0
802 verbose npm  v10.8.2
803 verbose exit 0
804 info ok
